{"C:\\Users\\Gunawan\\Desktop\\Fase 2\\gc01-GunawanPuppy\\app.js": {"path":"C:\\Users\\Gunawan\\Desktop\\Fase 2\\gc01-GunawanPuppy\\app.js","statementMap":{"0":{"start":{"line":1,"column":0},"end":{"line":3,"column":1}},"1":{"start":{"line":2,"column":4},"end":{"line":2,"column":30}},"2":{"start":{"line":4,"column":16},"end":{"line":4,"column":34}},"3":{"start":{"line":5,"column":12},"end":{"line":5,"column":21}},"4":{"start":{"line":6,"column":15},"end":{"line":6,"column":40}},"5":{"start":{"line":7,"column":21},"end":{"line":7,"column":58}},"6":{"start":{"line":10,"column":0},"end":{"line":10,"column":46}},"7":{"start":{"line":11,"column":0},"end":{"line":11,"column":23}},"8":{"start":{"line":13,"column":0},"end":{"line":13,"column":15}},"9":{"start":{"line":15,"column":0},"end":{"line":15,"column":21}},"10":{"start":{"line":22,"column":0},"end":{"line":22,"column":20}}},"fnMap":{},"branchMap":{"0":{"loc":{"start":{"line":1,"column":0},"end":{"line":3,"column":1}},"type":"if","locations":[{"start":{"line":1,"column":0},"end":{"line":3,"column":1}},{"start":{},"end":{}}],"line":1}},"s":{"0":3,"1":3,"2":3,"3":3,"4":3,"5":3,"6":3,"7":3,"8":3,"9":3,"10":3},"f":{},"b":{"0":[3,0]},"_coverageSchema":"1a1c01bbd47fc00a2c39e90264f33305004495a9","hash":"c182417486620bf7f813c39c55bf9212d55f68ca"}
,"C:\\Users\\Gunawan\\Desktop\\Fase 2\\gc01-GunawanPuppy\\controllers\\CategoryController.js": {"path":"C:\\Users\\Gunawan\\Desktop\\Fase 2\\gc01-GunawanPuppy\\controllers\\CategoryController.js","statementMap":{"0":{"start":{"line":1,"column":19},"end":{"line":1,"column":45}},"1":{"start":{"line":6,"column":8},"end":{"line":14,"column":9}},"2":{"start":{"line":7,"column":27},"end":{"line":7,"column":35}},"3":{"start":{"line":8,"column":23},"end":{"line":10,"column":14}},"4":{"start":{"line":11,"column":12},"end":{"line":11,"column":38}},"5":{"start":{"line":13,"column":12},"end":{"line":13,"column":23}},"6":{"start":{"line":18,"column":8},"end":{"line":23,"column":9}},"7":{"start":{"line":19,"column":23},"end":{"line":19,"column":47}},"8":{"start":{"line":20,"column":12},"end":{"line":20,"column":38}},"9":{"start":{"line":22,"column":12},"end":{"line":22,"column":23}},"10":{"start":{"line":27,"column":8},"end":{"line":48,"column":9}},"11":{"start":{"line":28,"column":25},"end":{"line":28,"column":35}},"12":{"start":{"line":29,"column":26},"end":{"line":29,"column":34}},"13":{"start":{"line":30,"column":23},"end":{"line":39,"column":19}},"14":{"start":{"line":41,"column":10},"end":{"line":43,"column":11}},"15":{"start":{"line":42,"column":12},"end":{"line":42,"column":38}},"16":{"start":{"line":45,"column":10},"end":{"line":45,"column":36}},"17":{"start":{"line":47,"column":12},"end":{"line":47,"column":23}},"18":{"start":{"line":52,"column":8},"end":{"line":63,"column":9}},"19":{"start":{"line":53,"column":25},"end":{"line":53,"column":35}},"20":{"start":{"line":54,"column":23},"end":{"line":54,"column":50}},"21":{"start":{"line":55,"column":12},"end":{"line":55,"column":30}},"22":{"start":{"line":56,"column":12},"end":{"line":58,"column":13}},"23":{"start":{"line":57,"column":16},"end":{"line":57,"column":42}},"24":{"start":{"line":60,"column":12},"end":{"line":60,"column":66}},"25":{"start":{"line":62,"column":12},"end":{"line":62,"column":23}},"26":{"start":{"line":67,"column":0},"end":{"line":67,"column":35}}},"fnMap":{"0":{"name":"(anonymous_0)","decl":{"start":{"line":5,"column":4},"end":{"line":5,"column":5}},"loc":{"start":{"line":5,"column":44},"end":{"line":15,"column":5}},"line":5},"1":{"name":"(anonymous_1)","decl":{"start":{"line":17,"column":4},"end":{"line":17,"column":5}},"loc":{"start":{"line":17,"column":44},"end":{"line":24,"column":5}},"line":17},"2":{"name":"(anonymous_2)","decl":{"start":{"line":26,"column":4},"end":{"line":26,"column":5}},"loc":{"start":{"line":26,"column":47},"end":{"line":49,"column":5}},"line":26},"3":{"name":"(anonymous_3)","decl":{"start":{"line":51,"column":4},"end":{"line":51,"column":5}},"loc":{"start":{"line":51,"column":47},"end":{"line":64,"column":5}},"line":51}},"branchMap":{"0":{"loc":{"start":{"line":41,"column":10},"end":{"line":43,"column":11}},"type":"if","locations":[{"start":{"line":41,"column":10},"end":{"line":43,"column":11}},{"start":{},"end":{}}],"line":41},"1":{"loc":{"start":{"line":56,"column":12},"end":{"line":58,"column":13}},"type":"if","locations":[{"start":{"line":56,"column":12},"end":{"line":58,"column":13}},{"start":{},"end":{}}],"line":56}},"s":{"0":3,"1":0,"2":0,"3":0,"4":0,"5":0,"6":0,"7":0,"8":0,"9":0,"10":0,"11":0,"12":0,"13":0,"14":0,"15":0,"16":0,"17":0,"18":0,"19":0,"20":0,"21":0,"22":0,"23":0,"24":0,"25":0,"26":3},"f":{"0":0,"1":0,"2":0,"3":0},"b":{"0":[0,0],"1":[0,0]},"_coverageSchema":"1a1c01bbd47fc00a2c39e90264f33305004495a9","hash":"b4d4ae698f0a0260389d7c53e2c0655d0837a1e3"}
,"C:\\Users\\Gunawan\\Desktop\\Fase 2\\gc01-GunawanPuppy\\controllers\\PaymentMidtrans.js": {"path":"C:\\Users\\Gunawan\\Desktop\\Fase 2\\gc01-GunawanPuppy\\controllers\\PaymentMidtrans.js","statementMap":{},"fnMap":{},"branchMap":{},"s":{},"f":{},"b":{},"_coverageSchema":"1a1c01bbd47fc00a2c39e90264f33305004495a9","hash":"7933279a60da3041077e17a20f7e4d70ad2be8b3"}
,"C:\\Users\\Gunawan\\Desktop\\Fase 2\\gc01-GunawanPuppy\\controllers\\ProductController.js": {"path":"C:\\Users\\Gunawan\\Desktop\\Fase 2\\gc01-GunawanPuppy\\controllers\\ProductController.js","statementMap":{"0":{"start":{"line":1,"column":32},"end":{"line":1,"column":58}},"1":{"start":{"line":2,"column":19},"end":{"line":2,"column":43}},"2":{"start":{"line":4,"column":0},"end":{"line":8,"column":2}},"3":{"start":{"line":13,"column":8},"end":{"line":33,"column":9}},"4":{"start":{"line":15,"column":69},"end":{"line":15,"column":77}},"5":{"start":{"line":16,"column":23},"end":{"line":24,"column":14}},"6":{"start":{"line":25,"column":29},"end":{"line":25,"column":64}},"7":{"start":{"line":27,"column":12},"end":{"line":29,"column":13}},"8":{"start":{"line":28,"column":16},"end":{"line":28,"column":61}},"9":{"start":{"line":30,"column":12},"end":{"line":30,"column":38}},"10":{"start":{"line":32,"column":10},"end":{"line":32,"column":21}},"11":{"start":{"line":37,"column":8},"end":{"line":53,"column":9}},"12":{"start":{"line":39,"column":23},"end":{"line":46,"column":14}},"13":{"start":{"line":47,"column":12},"end":{"line":49,"column":13}},"14":{"start":{"line":48,"column":16},"end":{"line":48,"column":42}},"15":{"start":{"line":50,"column":12},"end":{"line":50,"column":38}},"16":{"start":{"line":52,"column":12},"end":{"line":52,"column":23}},"17":{"start":{"line":58,"column":8},"end":{"line":67,"column":9}},"18":{"start":{"line":59,"column":25},"end":{"line":59,"column":35}},"19":{"start":{"line":60,"column":23},"end":{"line":60,"column":49}},"20":{"start":{"line":61,"column":12},"end":{"line":63,"column":13}},"21":{"start":{"line":62,"column":16},"end":{"line":62,"column":42}},"22":{"start":{"line":64,"column":12},"end":{"line":64,"column":38}},"23":{"start":{"line":66,"column":12},"end":{"line":66,"column":23}},"24":{"start":{"line":71,"column":8},"end":{"line":100,"column":9}},"25":{"start":{"line":72,"column":25},"end":{"line":72,"column":35}},"26":{"start":{"line":73,"column":69},"end":{"line":73,"column":77}},"27":{"start":{"line":74,"column":23},"end":{"line":87,"column":14}},"28":{"start":{"line":88,"column":29},"end":{"line":88,"column":64}},"29":{"start":{"line":89,"column":12},"end":{"line":91,"column":13}},"30":{"start":{"line":90,"column":16},"end":{"line":90,"column":42}},"31":{"start":{"line":93,"column":12},"end":{"line":95,"column":13}},"32":{"start":{"line":94,"column":16},"end":{"line":94,"column":41}},"33":{"start":{"line":97,"column":12},"end":{"line":97,"column":44}},"34":{"start":{"line":99,"column":12},"end":{"line":99,"column":23}},"35":{"start":{"line":104,"column":8},"end":{"line":120,"column":9}},"36":{"start":{"line":105,"column":25},"end":{"line":105,"column":35}},"37":{"start":{"line":106,"column":23},"end":{"line":106,"column":49}},"38":{"start":{"line":107,"column":12},"end":{"line":109,"column":13}},"39":{"start":{"line":108,"column":16},"end":{"line":108,"column":41}},"40":{"start":{"line":111,"column":12},"end":{"line":111,"column":77}},"41":{"start":{"line":112,"column":12},"end":{"line":116,"column":14}},"42":{"start":{"line":118,"column":12},"end":{"line":118,"column":56}},"43":{"start":{"line":119,"column":12},"end":{"line":119,"column":23}},"44":{"start":{"line":124,"column":8},"end":{"line":147,"column":9}},"45":{"start":{"line":125,"column":32},"end":{"line":125,"column":69}},"46":{"start":{"line":126,"column":12},"end":{"line":126,"column":55}},"47":{"start":{"line":126,"column":29},"end":{"line":126,"column":55}},"48":{"start":{"line":128,"column":12},"end":{"line":128,"column":67}},"49":{"start":{"line":128,"column":26},"end":{"line":128,"column":67}},"50":{"start":{"line":130,"column":32},"end":{"line":130,"column":66}},"51":{"start":{"line":131,"column":30},"end":{"line":131,"column":79}},"52":{"start":{"line":133,"column":39},"end":{"line":133,"column":82}},"53":{"start":{"line":137,"column":28},"end":{"line":141,"column":20}},"54":{"start":{"line":143,"column":12},"end":{"line":143,"column":88}},"55":{"start":{"line":145,"column":12},"end":{"line":145,"column":61}},"56":{"start":{"line":146,"column":12},"end":{"line":146,"column":23}},"57":{"start":{"line":152,"column":0},"end":{"line":152,"column":34}}},"fnMap":{"0":{"name":"(anonymous_0)","decl":{"start":{"line":12,"column":4},"end":{"line":12,"column":5}},"loc":{"start":{"line":12,"column":42},"end":{"line":34,"column":5}},"line":12},"1":{"name":"(anonymous_1)","decl":{"start":{"line":36,"column":4},"end":{"line":36,"column":5}},"loc":{"start":{"line":36,"column":42},"end":{"line":54,"column":5}},"line":36},"2":{"name":"(anonymous_2)","decl":{"start":{"line":57,"column":4},"end":{"line":57,"column":5}},"loc":{"start":{"line":57,"column":46},"end":{"line":68,"column":5}},"line":57},"3":{"name":"(anonymous_3)","decl":{"start":{"line":70,"column":4},"end":{"line":70,"column":5}},"loc":{"start":{"line":70,"column":45},"end":{"line":101,"column":5}},"line":70},"4":{"name":"(anonymous_4)","decl":{"start":{"line":103,"column":4},"end":{"line":103,"column":5}},"loc":{"start":{"line":103,"column":37},"end":{"line":121,"column":5}},"line":103},"5":{"name":"(anonymous_5)","decl":{"start":{"line":123,"column":4},"end":{"line":123,"column":5}},"loc":{"start":{"line":123,"column":42},"end":{"line":148,"column":5}},"line":123}},"branchMap":{"0":{"loc":{"start":{"line":27,"column":12},"end":{"line":29,"column":13}},"type":"if","locations":[{"start":{"line":27,"column":12},"end":{"line":29,"column":13}},{"start":{},"end":{}}],"line":27},"1":{"loc":{"start":{"line":47,"column":12},"end":{"line":49,"column":13}},"type":"if","locations":[{"start":{"line":47,"column":12},"end":{"line":49,"column":13}},{"start":{},"end":{}}],"line":47},"2":{"loc":{"start":{"line":61,"column":12},"end":{"line":63,"column":13}},"type":"if","locations":[{"start":{"line":61,"column":12},"end":{"line":63,"column":13}},{"start":{},"end":{}}],"line":61},"3":{"loc":{"start":{"line":89,"column":12},"end":{"line":91,"column":13}},"type":"if","locations":[{"start":{"line":89,"column":12},"end":{"line":91,"column":13}},{"start":{},"end":{}}],"line":89},"4":{"loc":{"start":{"line":93,"column":12},"end":{"line":95,"column":13}},"type":"if","locations":[{"start":{"line":93,"column":12},"end":{"line":95,"column":13}},{"start":{},"end":{}}],"line":93},"5":{"loc":{"start":{"line":107,"column":12},"end":{"line":109,"column":13}},"type":"if","locations":[{"start":{"line":107,"column":12},"end":{"line":109,"column":13}},{"start":{},"end":{}}],"line":107},"6":{"loc":{"start":{"line":126,"column":12},"end":{"line":126,"column":55}},"type":"if","locations":[{"start":{"line":126,"column":12},"end":{"line":126,"column":55}},{"start":{},"end":{}}],"line":126},"7":{"loc":{"start":{"line":128,"column":12},"end":{"line":128,"column":67}},"type":"if","locations":[{"start":{"line":128,"column":12},"end":{"line":128,"column":67}},{"start":{},"end":{}}],"line":128}},"s":{"0":3,"1":3,"2":3,"3":2,"4":2,"5":2,"6":1,"7":1,"8":0,"9":1,"10":1,"11":1,"12":1,"13":1,"14":0,"15":1,"16":0,"17":2,"18":2,"19":2,"20":2,"21":1,"22":1,"23":1,"24":3,"25":3,"26":3,"27":3,"28":2,"29":2,"30":1,"31":1,"32":0,"33":1,"34":2,"35":2,"36":2,"37":2,"38":2,"39":1,"40":1,"41":1,"42":1,"43":1,"44":2,"45":2,"46":2,"47":2,"48":0,"49":0,"50":0,"51":0,"52":0,"53":0,"54":0,"55":2,"56":2,"57":3},"f":{"0":2,"1":1,"2":2,"3":3,"4":2,"5":2},"b":{"0":[0,1],"1":[0,1],"2":[1,1],"3":[1,1],"4":[0,1],"5":[1,1],"6":[2,0],"7":[0,0]},"_coverageSchema":"1a1c01bbd47fc00a2c39e90264f33305004495a9","hash":"f6d3067ecbe8deaea0d034211c70cdaf9c34847f"}
,"C:\\Users\\Gunawan\\Desktop\\Fase 2\\gc01-GunawanPuppy\\controllers\\PublicController.js": {"path":"C:\\Users\\Gunawan\\Desktop\\Fase 2\\gc01-GunawanPuppy\\controllers\\PublicController.js","statementMap":{"0":{"start":{"line":1,"column":27},"end":{"line":1,"column":53}},"1":{"start":{"line":2,"column":12},"end":{"line":2,"column":32}},"2":{"start":{"line":6,"column":8},"end":{"line":68,"column":9}},"3":{"start":{"line":7,"column":51},"end":{"line":7,"column":60}},"4":{"start":{"line":9,"column":25},"end":{"line":14,"column":13}},"5":{"start":{"line":16,"column":12},"end":{"line":20,"column":13}},"6":{"start":{"line":17,"column":16},"end":{"line":19,"column":17}},"7":{"start":{"line":22,"column":12},"end":{"line":24,"column":13}},"8":{"start":{"line":23,"column":16},"end":{"line":23,"column":48}},"9":{"start":{"line":27,"column":12},"end":{"line":35,"column":13}},"10":{"start":{"line":29,"column":33},"end":{"line":29,"column":65}},"11":{"start":{"line":31,"column":35},"end":{"line":31,"column":77}},"12":{"start":{"line":32,"column":16},"end":{"line":34,"column":17}},"13":{"start":{"line":38,"column":24},"end":{"line":38,"column":26}},"14":{"start":{"line":39,"column":29},"end":{"line":39,"column":30}},"15":{"start":{"line":45,"column":12},"end":{"line":55,"column":13}},"16":{"start":{"line":46,"column":16},"end":{"line":49,"column":17}},"17":{"start":{"line":47,"column":20},"end":{"line":47,"column":37}},"18":{"start":{"line":48,"column":20},"end":{"line":48,"column":40}},"19":{"start":{"line":51,"column":16},"end":{"line":54,"column":17}},"20":{"start":{"line":52,"column":20},"end":{"line":52,"column":44}},"21":{"start":{"line":53,"column":20},"end":{"line":53,"column":60}},"22":{"start":{"line":57,"column":31},"end":{"line":57,"column":68}},"23":{"start":{"line":58,"column":12},"end":{"line":64,"column":14}},"24":{"start":{"line":66,"column":12},"end":{"line":66,"column":48}},"25":{"start":{"line":67,"column":12},"end":{"line":67,"column":23}},"26":{"start":{"line":72,"column":8},"end":{"line":84,"column":9}},"27":{"start":{"line":73,"column":24},"end":{"line":73,"column":34}},"28":{"start":{"line":74,"column":23},"end":{"line":74,"column":49}},"29":{"start":{"line":76,"column":12},"end":{"line":78,"column":13}},"30":{"start":{"line":77,"column":16},"end":{"line":77,"column":42}},"31":{"start":{"line":80,"column":12},"end":{"line":80,"column":38}},"32":{"start":{"line":82,"column":12},"end":{"line":82,"column":44}},"33":{"start":{"line":83,"column":12},"end":{"line":83,"column":23}},"34":{"start":{"line":88,"column":0},"end":{"line":88,"column":33}}},"fnMap":{"0":{"name":"(anonymous_0)","decl":{"start":{"line":5,"column":4},"end":{"line":5,"column":5}},"loc":{"start":{"line":5,"column":40},"end":{"line":69,"column":5}},"line":5},"1":{"name":"(anonymous_1)","decl":{"start":{"line":71,"column":4},"end":{"line":71,"column":5}},"loc":{"start":{"line":71,"column":44},"end":{"line":85,"column":5}},"line":71}},"branchMap":{"0":{"loc":{"start":{"line":16,"column":12},"end":{"line":20,"column":13}},"type":"if","locations":[{"start":{"line":16,"column":12},"end":{"line":20,"column":13}},{"start":{},"end":{}}],"line":16},"1":{"loc":{"start":{"line":22,"column":12},"end":{"line":24,"column":13}},"type":"if","locations":[{"start":{"line":22,"column":12},"end":{"line":24,"column":13}},{"start":{},"end":{}}],"line":22},"2":{"loc":{"start":{"line":27,"column":12},"end":{"line":35,"column":13}},"type":"if","locations":[{"start":{"line":27,"column":12},"end":{"line":35,"column":13}},{"start":{},"end":{}}],"line":27},"3":{"loc":{"start":{"line":29,"column":33},"end":{"line":29,"column":65}},"type":"cond-expr","locations":[{"start":{"line":29,"column":51},"end":{"line":29,"column":57}},{"start":{"line":29,"column":60},"end":{"line":29,"column":65}}],"line":29},"4":{"loc":{"start":{"line":31,"column":35},"end":{"line":31,"column":77}},"type":"cond-expr","locations":[{"start":{"line":31,"column":57},"end":{"line":31,"column":70}},{"start":{"line":31,"column":73},"end":{"line":31,"column":77}}],"line":31},"5":{"loc":{"start":{"line":45,"column":12},"end":{"line":55,"column":13}},"type":"if","locations":[{"start":{"line":45,"column":12},"end":{"line":55,"column":13}},{"start":{},"end":{}}],"line":45},"6":{"loc":{"start":{"line":46,"column":16},"end":{"line":49,"column":17}},"type":"if","locations":[{"start":{"line":46,"column":16},"end":{"line":49,"column":17}},{"start":{},"end":{}}],"line":46},"7":{"loc":{"start":{"line":51,"column":16},"end":{"line":54,"column":17}},"type":"if","locations":[{"start":{"line":51,"column":16},"end":{"line":54,"column":17}},{"start":{},"end":{}}],"line":51},"8":{"loc":{"start":{"line":76,"column":12},"end":{"line":78,"column":13}},"type":"if","locations":[{"start":{"line":76,"column":12},"end":{"line":78,"column":13}},{"start":{},"end":{}}],"line":76}},"s":{"0":3,"1":3,"2":1,"3":1,"4":1,"5":1,"6":0,"7":1,"8":0,"9":1,"10":0,"11":0,"12":0,"13":1,"14":1,"15":1,"16":0,"17":0,"18":0,"19":0,"20":0,"21":0,"22":1,"23":1,"24":0,"25":0,"26":1,"27":1,"28":1,"29":1,"30":0,"31":1,"32":0,"33":0,"34":3},"f":{"0":1,"1":1},"b":{"0":[0,1],"1":[0,1],"2":[0,1],"3":[0,0],"4":[0,0],"5":[0,1],"6":[0,0],"7":[0,0],"8":[0,1]},"_coverageSchema":"1a1c01bbd47fc00a2c39e90264f33305004495a9","hash":"7df626c896dca30eb05c21e19381a1bd3518d049"}
,"C:\\Users\\Gunawan\\Desktop\\Fase 2\\gc01-GunawanPuppy\\controllers\\UserController.js": {"path":"C:\\Users\\Gunawan\\Desktop\\Fase 2\\gc01-GunawanPuppy\\controllers\\UserController.js","statementMap":{"0":{"start":{"line":1,"column":28},"end":{"line":1,"column":56}},"1":{"start":{"line":2,"column":24},"end":{"line":2,"column":49}},"2":{"start":{"line":3,"column":15},"end":{"line":3,"column":41}},"3":{"start":{"line":8,"column":8},"end":{"line":23,"column":9}},"4":{"start":{"line":9,"column":37},"end":{"line":9,"column":45}},"5":{"start":{"line":11,"column":23},"end":{"line":14,"column":14}},"6":{"start":{"line":16,"column":12},"end":{"line":19,"column":14}},"7":{"start":{"line":21,"column":12},"end":{"line":21,"column":31}},"8":{"start":{"line":22,"column":12},"end":{"line":22,"column":23}},"9":{"start":{"line":27,"column":8},"end":{"line":58,"column":9}},"10":{"start":{"line":28,"column":38},"end":{"line":28,"column":46}},"11":{"start":{"line":29,"column":12},"end":{"line":31,"column":13}},"12":{"start":{"line":30,"column":16},"end":{"line":30,"column":59}},"13":{"start":{"line":34,"column":29},"end":{"line":38,"column":14}},"14":{"start":{"line":40,"column":12},"end":{"line":42,"column":13}},"15":{"start":{"line":41,"column":16},"end":{"line":41,"column":44}},"16":{"start":{"line":45,"column":29},"end":{"line":45,"column":72}},"17":{"start":{"line":46,"column":12},"end":{"line":48,"column":13}},"18":{"start":{"line":47,"column":16},"end":{"line":47,"column":45}},"19":{"start":{"line":51,"column":33},"end":{"line":53,"column":14}},"20":{"start":{"line":55,"column":12},"end":{"line":55,"column":48}},"21":{"start":{"line":57,"column":12},"end":{"line":57,"column":23}},"22":{"start":{"line":62,"column":0},"end":{"line":62,"column":32}}},"fnMap":{"0":{"name":"(anonymous_0)","decl":{"start":{"line":7,"column":4},"end":{"line":7,"column":5}},"loc":{"start":{"line":7,"column":39},"end":{"line":24,"column":5}},"line":7},"1":{"name":"(anonymous_1)","decl":{"start":{"line":26,"column":4},"end":{"line":26,"column":5}},"loc":{"start":{"line":26,"column":36},"end":{"line":59,"column":5}},"line":26}},"branchMap":{"0":{"loc":{"start":{"line":29,"column":12},"end":{"line":31,"column":13}},"type":"if","locations":[{"start":{"line":29,"column":12},"end":{"line":31,"column":13}},{"start":{},"end":{}}],"line":29},"1":{"loc":{"start":{"line":29,"column":15},"end":{"line":29,"column":34}},"type":"binary-expr","locations":[{"start":{"line":29,"column":15},"end":{"line":29,"column":21}},{"start":{"line":29,"column":25},"end":{"line":29,"column":34}}],"line":29},"2":{"loc":{"start":{"line":40,"column":12},"end":{"line":42,"column":13}},"type":"if","locations":[{"start":{"line":40,"column":12},"end":{"line":42,"column":13}},{"start":{},"end":{}}],"line":40},"3":{"loc":{"start":{"line":46,"column":12},"end":{"line":48,"column":13}},"type":"if","locations":[{"start":{"line":46,"column":12},"end":{"line":48,"column":13}},{"start":{},"end":{}}],"line":46}},"s":{"0":3,"1":3,"2":3,"3":7,"4":7,"5":7,"6":1,"7":6,"8":6,"9":5,"10":5,"11":5,"12":2,"13":3,"14":3,"15":1,"16":2,"17":2,"18":1,"19":1,"20":1,"21":4,"22":3},"f":{"0":7,"1":5},"b":{"0":[2,3],"1":[5,4],"2":[1,2],"3":[1,1]},"_coverageSchema":"1a1c01bbd47fc00a2c39e90264f33305004495a9","hash":"2a3c8f2f0421bbd20dedf5099bcc62f7980f8b39"}
,"C:\\Users\\Gunawan\\Desktop\\Fase 2\\gc01-GunawanPuppy\\helpers\\bcrypt.js": {"path":"C:\\Users\\Gunawan\\Desktop\\Fase 2\\gc01-GunawanPuppy\\helpers\\bcrypt.js","statementMap":{"0":{"start":{"line":1,"column":15},"end":{"line":1,"column":34}},"1":{"start":{"line":3,"column":21},"end":{"line":6,"column":1}},"2":{"start":{"line":4,"column":17},"end":{"line":4,"column":39}},"3":{"start":{"line":5,"column":4},"end":{"line":5,"column":41}},"4":{"start":{"line":8,"column":24},"end":{"line":10,"column":1}},"5":{"start":{"line":9,"column":4},"end":{"line":9,"column":54}},"6":{"start":{"line":12,"column":0},"end":{"line":14,"column":1}}},"fnMap":{"0":{"name":"(anonymous_0)","decl":{"start":{"line":3,"column":21},"end":{"line":3,"column":22}},"loc":{"start":{"line":3,"column":35},"end":{"line":6,"column":1}},"line":3},"1":{"name":"(anonymous_1)","decl":{"start":{"line":8,"column":24},"end":{"line":8,"column":25}},"loc":{"start":{"line":8,"column":53},"end":{"line":10,"column":1}},"line":8}},"branchMap":{},"s":{"0":3,"1":3,"2":5,"3":5,"4":3,"5":2,"6":3},"f":{"0":5,"1":2},"b":{},"_coverageSchema":"1a1c01bbd47fc00a2c39e90264f33305004495a9","hash":"1e39f245ae708e1b5fbc7665bbcd1a60e589d0c2"}
,"C:\\Users\\Gunawan\\Desktop\\Fase 2\\gc01-GunawanPuppy\\helpers\\jwt.js": {"path":"C:\\Users\\Gunawan\\Desktop\\Fase 2\\gc01-GunawanPuppy\\helpers\\jwt.js","statementMap":{"0":{"start":{"line":1,"column":12},"end":{"line":1,"column":35}},"1":{"start":{"line":3,"column":15},"end":{"line":3,"column":33}},"2":{"start":{"line":5,"column":20},"end":{"line":7,"column":1}},"3":{"start":{"line":6,"column":4},"end":{"line":6,"column":35}},"4":{"start":{"line":9,"column":20},"end":{"line":11,"column":1}},"5":{"start":{"line":10,"column":4},"end":{"line":10,"column":35}},"6":{"start":{"line":13,"column":0},"end":{"line":15,"column":1}}},"fnMap":{"0":{"name":"(anonymous_0)","decl":{"start":{"line":5,"column":20},"end":{"line":5,"column":21}},"loc":{"start":{"line":5,"column":33},"end":{"line":7,"column":1}},"line":5},"1":{"name":"(anonymous_1)","decl":{"start":{"line":9,"column":20},"end":{"line":9,"column":21}},"loc":{"start":{"line":9,"column":31},"end":{"line":11,"column":1}},"line":9}},"branchMap":{},"s":{"0":3,"1":3,"2":3,"3":4,"4":3,"5":29,"6":3},"f":{"0":4,"1":29},"b":{},"_coverageSchema":"1a1c01bbd47fc00a2c39e90264f33305004495a9","hash":"80c8b28dd48c08e3ea3e2fc37f118e3d7da0b4df"}
,"C:\\Users\\Gunawan\\Desktop\\Fase 2\\gc01-GunawanPuppy\\middlewares\\authentication.js": {"path":"C:\\Users\\Gunawan\\Desktop\\Fase 2\\gc01-GunawanPuppy\\middlewares\\authentication.js","statementMap":{"0":{"start":{"line":1,"column":14},"end":{"line":1,"column":40}},"1":{"start":{"line":2,"column":21},"end":{"line":2,"column":46}},"2":{"start":{"line":5,"column":4},"end":{"line":35,"column":5}},"3":{"start":{"line":8,"column":8},"end":{"line":10,"column":9}},"4":{"start":{"line":9,"column":12},"end":{"line":9,"column":42}},"5":{"start":{"line":13,"column":22},"end":{"line":13,"column":61}},"6":{"start":{"line":14,"column":8},"end":{"line":14,"column":39}},"7":{"start":{"line":16,"column":24},"end":{"line":16,"column":42}},"8":{"start":{"line":19,"column":25},"end":{"line":19,"column":56}},"9":{"start":{"line":21,"column":8},"end":{"line":23,"column":9}},"10":{"start":{"line":22,"column":12},"end":{"line":22,"column":41}},"11":{"start":{"line":25,"column":8},"end":{"line":29,"column":9}},"12":{"start":{"line":31,"column":8},"end":{"line":31,"column":14}},"13":{"start":{"line":33,"column":8},"end":{"line":33,"column":27}},"14":{"start":{"line":34,"column":7},"end":{"line":34,"column":18}},"15":{"start":{"line":38,"column":0},"end":{"line":38,"column":31}}},"fnMap":{"0":{"name":"authentication","decl":{"start":{"line":4,"column":15},"end":{"line":4,"column":29}},"loc":{"start":{"line":4,"column":44},"end":{"line":36,"column":1}},"line":4}},"branchMap":{"0":{"loc":{"start":{"line":8,"column":8},"end":{"line":10,"column":9}},"type":"if","locations":[{"start":{"line":8,"column":8},"end":{"line":10,"column":9}},{"start":{},"end":{}}],"line":8},"1":{"loc":{"start":{"line":21,"column":8},"end":{"line":23,"column":9}},"type":"if","locations":[{"start":{"line":21,"column":8},"end":{"line":23,"column":9}},{"start":{},"end":{}}],"line":21}},"s":{"0":3,"1":3,"2":36,"3":36,"4":7,"5":29,"6":29,"7":29,"8":22,"9":22,"10":0,"11":22,"12":22,"13":14,"14":14,"15":3},"f":{"0":36},"b":{"0":[7,29],"1":[0,22]},"_coverageSchema":"1a1c01bbd47fc00a2c39e90264f33305004495a9","hash":"95c30c5ed8c8626690859f47127ed12cbae3f0e3"}
,"C:\\Users\\Gunawan\\Desktop\\Fase 2\\gc01-GunawanPuppy\\middlewares\\authorization.js": {"path":"C:\\Users\\Gunawan\\Desktop\\Fase 2\\gc01-GunawanPuppy\\middlewares\\authorization.js","statementMap":{"0":{"start":{"line":1,"column":18},"end":{"line":1,"column":44}},"1":{"start":{"line":4,"column":4},"end":{"line":11,"column":5}},"2":{"start":{"line":5,"column":8},"end":{"line":7,"column":9}},"3":{"start":{"line":6,"column":12},"end":{"line":6,"column":45}},"4":{"start":{"line":8,"column":8},"end":{"line":8,"column":14}},"5":{"start":{"line":10,"column":8},"end":{"line":10,"column":19}},"6":{"start":{"line":15,"column":4},"end":{"line":35,"column":5}},"7":{"start":{"line":16,"column":8},"end":{"line":32,"column":9}},"8":{"start":{"line":17,"column":12},"end":{"line":17,"column":25}},"9":{"start":{"line":20,"column":25},"end":{"line":20,"column":35}},"10":{"start":{"line":22,"column":32},"end":{"line":22,"column":58}},"11":{"start":{"line":23,"column":12},"end":{"line":25,"column":13}},"12":{"start":{"line":24,"column":16},"end":{"line":24,"column":48}},"13":{"start":{"line":27,"column":12},"end":{"line":31,"column":13}},"14":{"start":{"line":28,"column":16},"end":{"line":28,"column":29}},"15":{"start":{"line":30,"column":16},"end":{"line":30,"column":49}},"16":{"start":{"line":34,"column":8},"end":{"line":34,"column":19}},"17":{"start":{"line":38,"column":0},"end":{"line":38,"column":49}}},"fnMap":{"0":{"name":"authorization","decl":{"start":{"line":3,"column":15},"end":{"line":3,"column":28}},"loc":{"start":{"line":3,"column":42},"end":{"line":12,"column":1}},"line":3},"1":{"name":"authStaffOrAdmin","decl":{"start":{"line":14,"column":15},"end":{"line":14,"column":31}},"loc":{"start":{"line":14,"column":45},"end":{"line":36,"column":1}},"line":14}},"branchMap":{"0":{"loc":{"start":{"line":5,"column":8},"end":{"line":7,"column":9}},"type":"if","locations":[{"start":{"line":5,"column":8},"end":{"line":7,"column":9}},{"start":{},"end":{}}],"line":5},"1":{"loc":{"start":{"line":16,"column":8},"end":{"line":32,"column":9}},"type":"if","locations":[{"start":{"line":16,"column":8},"end":{"line":32,"column":9}},{"start":{"line":18,"column":14},"end":{"line":32,"column":9}}],"line":16},"2":{"loc":{"start":{"line":23,"column":12},"end":{"line":25,"column":13}},"type":"if","locations":[{"start":{"line":23,"column":12},"end":{"line":25,"column":13}},{"start":{},"end":{}}],"line":23},"3":{"loc":{"start":{"line":27,"column":12},"end":{"line":31,"column":13}},"type":"if","locations":[{"start":{"line":27,"column":12},"end":{"line":31,"column":13}},{"start":{"line":29,"column":19},"end":{"line":31,"column":13}}],"line":27}},"s":{"0":3,"1":7,"2":7,"3":0,"4":7,"5":0,"6":10,"7":10,"8":7,"9":3,"10":3,"11":3,"12":0,"13":3,"14":0,"15":3,"16":3,"17":3},"f":{"0":7,"1":10},"b":{"0":[0,7],"1":[7,3],"2":[0,3],"3":[0,3]},"_coverageSchema":"1a1c01bbd47fc00a2c39e90264f33305004495a9","hash":"a12292563240781dd636f909fc6ed383b2424a42"}
,"C:\\Users\\Gunawan\\Desktop\\Fase 2\\gc01-GunawanPuppy\\middlewares\\errorHandler.js": {"path":"C:\\Users\\Gunawan\\Desktop\\Fase 2\\gc01-GunawanPuppy\\middlewares\\errorHandler.js","statementMap":{"0":{"start":{"line":2,"column":19},"end":{"line":2,"column":22}},"1":{"start":{"line":3,"column":22},"end":{"line":3,"column":45}},"2":{"start":{"line":5,"column":8},"end":{"line":39,"column":9}},"3":{"start":{"line":8,"column":20},"end":{"line":8,"column":30}},"4":{"start":{"line":9,"column":20},"end":{"line":9,"column":63}},"5":{"start":{"line":9,"column":52},"end":{"line":9,"column":62}},"6":{"start":{"line":10,"column":16},"end":{"line":10,"column":22}},"7":{"start":{"line":12,"column":20},"end":{"line":12,"column":30}},"8":{"start":{"line":13,"column":20},"end":{"line":13,"column":62}},"9":{"start":{"line":14,"column":16},"end":{"line":14,"column":22}},"10":{"start":{"line":16,"column":24},"end":{"line":16,"column":34}},"11":{"start":{"line":17,"column":24},"end":{"line":17,"column":60}},"12":{"start":{"line":18,"column":16},"end":{"line":18,"column":22}},"13":{"start":{"line":20,"column":20},"end":{"line":20,"column":30}},"14":{"start":{"line":21,"column":20},"end":{"line":21,"column":54}},"15":{"start":{"line":22,"column":16},"end":{"line":22,"column":22}},"16":{"start":{"line":25,"column":20},"end":{"line":25,"column":30}},"17":{"start":{"line":26,"column":20},"end":{"line":26,"column":45}},"18":{"start":{"line":27,"column":16},"end":{"line":27,"column":22}},"19":{"start":{"line":29,"column":20},"end":{"line":29,"column":30}},"20":{"start":{"line":30,"column":20},"end":{"line":30,"column":50}},"21":{"start":{"line":31,"column":16},"end":{"line":31,"column":22}},"22":{"start":{"line":33,"column":20},"end":{"line":33,"column":30}},"23":{"start":{"line":34,"column":20},"end":{"line":34,"column":47}},"24":{"start":{"line":35,"column":16},"end":{"line":35,"column":22}},"25":{"start":{"line":38,"column":16},"end":{"line":38,"column":22}},"26":{"start":{"line":40,"column":4},"end":{"line":40,"column":36}},"27":{"start":{"line":43,"column":0},"end":{"line":43,"column":29}}},"fnMap":{"0":{"name":"errorHandler","decl":{"start":{"line":1,"column":9},"end":{"line":1,"column":21}},"loc":{"start":{"line":1,"column":41},"end":{"line":41,"column":1}},"line":1},"1":{"name":"(anonymous_1)","decl":{"start":{"line":9,"column":47},"end":{"line":9,"column":48}},"loc":{"start":{"line":9,"column":52},"end":{"line":9,"column":62}},"line":9}},"branchMap":{"0":{"loc":{"start":{"line":5,"column":8},"end":{"line":39,"column":9}},"type":"switch","locations":[{"start":{"line":6,"column":16},"end":{"line":6,"column":48}},{"start":{"line":7,"column":16},"end":{"line":10,"column":22}},{"start":{"line":11,"column":16},"end":{"line":14,"column":22}},{"start":{"line":15,"column":16},"end":{"line":18,"column":22}},{"start":{"line":19,"column":16},"end":{"line":22,"column":22}},{"start":{"line":23,"column":16},"end":{"line":23,"column":41}},{"start":{"line":24,"column":16},"end":{"line":27,"column":22}},{"start":{"line":28,"column":16},"end":{"line":31,"column":22}},{"start":{"line":32,"column":16},"end":{"line":35,"column":22}},{"start":{"line":37,"column":12},"end":{"line":38,"column":22}}],"line":5}},"s":{"0":34,"1":34,"2":34,"3":8,"4":8,"5":18,"6":8,"7":2,"8":2,"9":2,"10":0,"11":0,"12":0,"13":2,"14":2,"15":2,"16":14,"17":14,"18":14,"19":3,"20":3,"21":3,"22":5,"23":5,"24":5,"25":0,"26":34,"27":3},"f":{"0":34,"1":18},"b":{"0":[7,8,2,0,2,7,14,3,5,0]},"_coverageSchema":"1a1c01bbd47fc00a2c39e90264f33305004495a9","hash":"a6c54ca7ae1d5061181986d271881a0c8df4ba42"}
,"C:\\Users\\Gunawan\\Desktop\\Fase 2\\gc01-GunawanPuppy\\models\\category.js": {"path":"C:\\Users\\Gunawan\\Desktop\\Fase 2\\gc01-GunawanPuppy\\models\\category.js","statementMap":{"0":{"start":{"line":4,"column":4},"end":{"line":4,"column":24}},"1":{"start":{"line":5,"column":0},"end":{"line":37,"column":2}},"2":{"start":{"line":14,"column":6},"end":{"line":14,"column":66}},"3":{"start":{"line":17,"column":2},"end":{"line":35,"column":5}},"4":{"start":{"line":36,"column":2},"end":{"line":36,"column":18}}},"fnMap":{"0":{"name":"(anonymous_0)","decl":{"start":{"line":5,"column":17},"end":{"line":5,"column":18}},"loc":{"start":{"line":5,"column":43},"end":{"line":37,"column":1}},"line":5},"1":{"name":"(anonymous_1)","decl":{"start":{"line":12,"column":4},"end":{"line":12,"column":5}},"loc":{"start":{"line":12,"column":29},"end":{"line":15,"column":5}},"line":12}},"branchMap":{},"s":{"0":3,"1":3,"2":3,"3":3,"4":3},"f":{"0":3,"1":3},"b":{},"_coverageSchema":"1a1c01bbd47fc00a2c39e90264f33305004495a9","hash":"d35ec776da82c9145440610fb8681dc7c9da77ae"}
,"C:\\Users\\Gunawan\\Desktop\\Fase 2\\gc01-GunawanPuppy\\models\\index.js": {"path":"C:\\Users\\Gunawan\\Desktop\\Fase 2\\gc01-GunawanPuppy\\models\\index.js","statementMap":{"0":{"start":{"line":3,"column":11},"end":{"line":3,"column":24}},"1":{"start":{"line":4,"column":13},"end":{"line":4,"column":28}},"2":{"start":{"line":5,"column":18},"end":{"line":5,"column":38}},"3":{"start":{"line":6,"column":16},"end":{"line":6,"column":34}},"4":{"start":{"line":7,"column":17},"end":{"line":7,"column":42}},"5":{"start":{"line":8,"column":12},"end":{"line":8,"column":49}},"6":{"start":{"line":9,"column":15},"end":{"line":9,"column":65}},"7":{"start":{"line":10,"column":11},"end":{"line":10,"column":13}},"8":{"start":{"line":13,"column":0},"end":{"line":17,"column":1}},"9":{"start":{"line":14,"column":2},"end":{"line":14,"column":74}},"10":{"start":{"line":16,"column":2},"end":{"line":16,"column":87}},"11":{"start":{"line":19,"column":0},"end":{"line":32,"column":5}},"12":{"start":{"line":22,"column":4},"end":{"line":27,"column":6}},"13":{"start":{"line":30,"column":18},"end":{"line":30,"column":85}},"14":{"start":{"line":31,"column":4},"end":{"line":31,"column":27}},"15":{"start":{"line":34,"column":0},"end":{"line":38,"column":3}},"16":{"start":{"line":35,"column":2},"end":{"line":37,"column":3}},"17":{"start":{"line":36,"column":4},"end":{"line":36,"column":32}},"18":{"start":{"line":40,"column":0},"end":{"line":40,"column":25}},"19":{"start":{"line":41,"column":0},"end":{"line":41,"column":25}},"20":{"start":{"line":43,"column":0},"end":{"line":43,"column":20}}},"fnMap":{"0":{"name":"(anonymous_0)","decl":{"start":{"line":21,"column":10},"end":{"line":21,"column":11}},"loc":{"start":{"line":21,"column":18},"end":{"line":28,"column":3}},"line":21},"1":{"name":"(anonymous_1)","decl":{"start":{"line":29,"column":11},"end":{"line":29,"column":12}},"loc":{"start":{"line":29,"column":19},"end":{"line":32,"column":3}},"line":29},"2":{"name":"(anonymous_2)","decl":{"start":{"line":34,"column":24},"end":{"line":34,"column":25}},"loc":{"start":{"line":34,"column":37},"end":{"line":38,"column":1}},"line":34}},"branchMap":{"0":{"loc":{"start":{"line":8,"column":12},"end":{"line":8,"column":49}},"type":"binary-expr","locations":[{"start":{"line":8,"column":12},"end":{"line":8,"column":32}},{"start":{"line":8,"column":36},"end":{"line":8,"column":49}}],"line":8},"1":{"loc":{"start":{"line":13,"column":0},"end":{"line":17,"column":1}},"type":"if","locations":[{"start":{"line":13,"column":0},"end":{"line":17,"column":1}},{"start":{"line":15,"column":7},"end":{"line":17,"column":1}}],"line":13},"2":{"loc":{"start":{"line":23,"column":6},"end":{"line":26,"column":37}},"type":"binary-expr","locations":[{"start":{"line":23,"column":6},"end":{"line":23,"column":29}},{"start":{"line":24,"column":6},"end":{"line":24,"column":23}},{"start":{"line":25,"column":6},"end":{"line":25,"column":30}},{"start":{"line":26,"column":6},"end":{"line":26,"column":37}}],"line":23},"3":{"loc":{"start":{"line":35,"column":2},"end":{"line":37,"column":3}},"type":"if","locations":[{"start":{"line":35,"column":2},"end":{"line":37,"column":3}},{"start":{},"end":{}}],"line":35}},"s":{"0":3,"1":3,"2":3,"3":3,"4":3,"5":3,"6":3,"7":3,"8":3,"9":0,"10":3,"11":3,"12":12,"13":9,"14":9,"15":3,"16":9,"17":9,"18":3,"19":3,"20":3},"f":{"0":12,"1":9,"2":9},"b":{"0":[3,0],"1":[0,3],"2":[12,12,9,9],"3":[9,0]},"_coverageSchema":"1a1c01bbd47fc00a2c39e90264f33305004495a9","hash":"54df01355713feb161983088de8f04b97419ebdf"}
,"C:\\Users\\Gunawan\\Desktop\\Fase 2\\gc01-GunawanPuppy\\models\\product.js": {"path":"C:\\Users\\Gunawan\\Desktop\\Fase 2\\gc01-GunawanPuppy\\models\\product.js","statementMap":{"0":{"start":{"line":4,"column":4},"end":{"line":4,"column":24}},"1":{"start":{"line":5,"column":0},"end":{"line":111,"column":2}},"2":{"start":{"line":14,"column":6},"end":{"line":14,"column":62}},"3":{"start":{"line":15,"column":6},"end":{"line":15,"column":68}},"4":{"start":{"line":18,"column":2},"end":{"line":109,"column":5}},"5":{"start":{"line":110,"column":2},"end":{"line":110,"column":17}}},"fnMap":{"0":{"name":"(anonymous_0)","decl":{"start":{"line":5,"column":17},"end":{"line":5,"column":18}},"loc":{"start":{"line":5,"column":43},"end":{"line":111,"column":1}},"line":5},"1":{"name":"(anonymous_1)","decl":{"start":{"line":12,"column":4},"end":{"line":12,"column":5}},"loc":{"start":{"line":12,"column":29},"end":{"line":16,"column":5}},"line":12}},"branchMap":{},"s":{"0":3,"1":3,"2":3,"3":3,"4":3,"5":3},"f":{"0":3,"1":3},"b":{},"_coverageSchema":"1a1c01bbd47fc00a2c39e90264f33305004495a9","hash":"33546bc5598ce5884c9383dea9265ea302da5528"}
,"C:\\Users\\Gunawan\\Desktop\\Fase 2\\gc01-GunawanPuppy\\models\\user.js": {"path":"C:\\Users\\Gunawan\\Desktop\\Fase 2\\gc01-GunawanPuppy\\models\\user.js","statementMap":{"0":{"start":{"line":5,"column":4},"end":{"line":5,"column":24}},"1":{"start":{"line":6,"column":23},"end":{"line":6,"column":51}},"2":{"start":{"line":7,"column":0},"end":{"line":88,"column":2}},"3":{"start":{"line":16,"column":6},"end":{"line":16,"column":60}},"4":{"start":{"line":19,"column":2},"end":{"line":86,"column":5}},"5":{"start":{"line":81,"column":8},"end":{"line":81,"column":51}},"6":{"start":{"line":87,"column":2},"end":{"line":87,"column":14}}},"fnMap":{"0":{"name":"(anonymous_0)","decl":{"start":{"line":7,"column":17},"end":{"line":7,"column":18}},"loc":{"start":{"line":7,"column":43},"end":{"line":88,"column":1}},"line":7},"1":{"name":"(anonymous_1)","decl":{"start":{"line":14,"column":4},"end":{"line":14,"column":5}},"loc":{"start":{"line":14,"column":29},"end":{"line":17,"column":5}},"line":14},"2":{"name":"(anonymous_2)","decl":{"start":{"line":80,"column":21},"end":{"line":80,"column":22}},"loc":{"start":{"line":80,"column":31},"end":{"line":82,"column":7}},"line":80}},"branchMap":{},"s":{"0":3,"1":3,"2":3,"3":3,"4":3,"5":5,"6":3},"f":{"0":3,"1":3,"2":5},"b":{},"_coverageSchema":"1a1c01bbd47fc00a2c39e90264f33305004495a9","hash":"6528d168e067f5b60cee686259a11e0498d40708"}
,"C:\\Users\\Gunawan\\Desktop\\Fase 2\\gc01-GunawanPuppy\\routes\\CategoryRouter.js": {"path":"C:\\Users\\Gunawan\\Desktop\\Fase 2\\gc01-GunawanPuppy\\routes\\CategoryRouter.js","statementMap":{"0":{"start":{"line":1,"column":15},"end":{"line":1,"column":42}},"1":{"start":{"line":2,"column":27},"end":{"line":2,"column":71}},"2":{"start":{"line":3,"column":23},"end":{"line":3,"column":63}},"3":{"start":{"line":5,"column":0},"end":{"line":5,"column":65}},"4":{"start":{"line":6,"column":0},"end":{"line":6,"column":65}},"5":{"start":{"line":7,"column":0},"end":{"line":7,"column":71}},"6":{"start":{"line":8,"column":0},"end":{"line":8,"column":73}},"7":{"start":{"line":10,"column":0},"end":{"line":10,"column":23}}},"fnMap":{},"branchMap":{},"s":{"0":3,"1":3,"2":3,"3":3,"4":3,"5":3,"6":3,"7":3},"f":{},"b":{},"_coverageSchema":"1a1c01bbd47fc00a2c39e90264f33305004495a9","hash":"a1d0effed73d1fa83514e9f5868e6df651def251"}
,"C:\\Users\\Gunawan\\Desktop\\Fase 2\\gc01-GunawanPuppy\\routes\\ProductRouter.js": {"path":"C:\\Users\\Gunawan\\Desktop\\Fase 2\\gc01-GunawanPuppy\\routes\\ProductRouter.js","statementMap":{"0":{"start":{"line":1,"column":15},"end":{"line":1,"column":42}},"1":{"start":{"line":2,"column":26},"end":{"line":2,"column":69}},"2":{"start":{"line":3,"column":25},"end":{"line":3,"column":67}},"3":{"start":{"line":4,"column":15},"end":{"line":4,"column":32}},"4":{"start":{"line":5,"column":23},"end":{"line":5,"column":63}},"5":{"start":{"line":6,"column":27},"end":{"line":6,"column":66}},"6":{"start":{"line":7,"column":15},"end":{"line":7,"column":57}},"7":{"start":{"line":12,"column":0},"end":{"line":12,"column":60}},"8":{"start":{"line":13,"column":0},"end":{"line":13,"column":62}},"9":{"start":{"line":15,"column":0},"end":{"line":15,"column":68}},"10":{"start":{"line":16,"column":0},"end":{"line":16,"column":85}},"11":{"start":{"line":17,"column":0},"end":{"line":17,"column":80}},"12":{"start":{"line":18,"column":0},"end":{"line":18,"column":120}},"13":{"start":{"line":23,"column":0},"end":{"line":23,"column":23}}},"fnMap":{},"branchMap":{},"s":{"0":3,"1":3,"2":3,"3":3,"4":3,"5":3,"6":3,"7":3,"8":3,"9":3,"10":3,"11":3,"12":3,"13":3},"f":{},"b":{},"_coverageSchema":"1a1c01bbd47fc00a2c39e90264f33305004495a9","hash":"46414b1794710ef1ebf633d15a2e5b6a5c098e88"}
,"C:\\Users\\Gunawan\\Desktop\\Fase 2\\gc01-GunawanPuppy\\routes\\index.js": {"path":"C:\\Users\\Gunawan\\Desktop\\Fase 2\\gc01-GunawanPuppy\\routes\\index.js","statementMap":{"0":{"start":{"line":1,"column":16},"end":{"line":1,"column":43}},"1":{"start":{"line":2,"column":21},"end":{"line":2,"column":47}},"2":{"start":{"line":3,"column":22},"end":{"line":3,"column":49}},"3":{"start":{"line":4,"column":23},"end":{"line":4,"column":63}},"4":{"start":{"line":5,"column":26},"end":{"line":5,"column":67}},"5":{"start":{"line":6,"column":25},"end":{"line":6,"column":67}},"6":{"start":{"line":7,"column":23},"end":{"line":7,"column":63}},"7":{"start":{"line":8,"column":24},"end":{"line":8,"column":63}},"8":{"start":{"line":14,"column":0},"end":{"line":14,"column":79}},"9":{"start":{"line":15,"column":0},"end":{"line":15,"column":42}},"10":{"start":{"line":20,"column":0},"end":{"line":20,"column":36}},"11":{"start":{"line":21,"column":0},"end":{"line":21,"column":40}},"12":{"start":{"line":23,"column":0},"end":{"line":23,"column":46}},"13":{"start":{"line":24,"column":0},"end":{"line":24,"column":53}},"14":{"start":{"line":29,"column":0},"end":{"line":29,"column":23}}},"fnMap":{},"branchMap":{},"s":{"0":3,"1":3,"2":3,"3":3,"4":3,"5":3,"6":3,"7":3,"8":3,"9":3,"10":3,"11":3,"12":3,"13":3,"14":3},"f":{},"b":{},"_coverageSchema":"1a1c01bbd47fc00a2c39e90264f33305004495a9","hash":"a3841f2918b61a9989440fd063ddfe4d9fcb91e2"}
}
