TN:
SF:app.js
FNF:0
FNH:0
DA:1,3
DA:2,3
DA:4,3
DA:5,3
DA:6,3
DA:7,3
DA:10,3
DA:11,3
DA:13,3
DA:15,3
DA:22,3
LF:11
LH:11
BRDA:1,0,0,3
BRDA:1,0,1,0
BRF:2
BRH:1
end_of_record
TN:
SF:controllers\CategoryController.js
FN:5,(anonymous_0)
FN:17,(anonymous_1)
FN:26,(anonymous_2)
FN:51,(anonymous_3)
FNF:4
FNH:0
FNDA:0,(anonymous_0)
FNDA:0,(anonymous_1)
FNDA:0,(anonymous_2)
FNDA:0,(anonymous_3)
DA:1,3
DA:6,0
DA:7,0
DA:8,0
DA:11,0
DA:13,0
DA:18,0
DA:19,0
DA:20,0
DA:22,0
DA:27,0
DA:28,0
DA:29,0
DA:30,0
DA:41,0
DA:42,0
DA:45,0
DA:47,0
DA:52,0
DA:53,0
DA:54,0
DA:55,0
DA:56,0
DA:57,0
DA:60,0
DA:62,0
DA:67,3
LF:27
LH:2
BRDA:41,0,0,0
BRDA:41,0,1,0
BRDA:56,1,0,0
BRDA:56,1,1,0
BRF:4
BRH:0
end_of_record
TN:
SF:controllers\PaymentMidtrans.js
FNF:0
FNH:0
LF:0
LH:0
BRF:0
BRH:0
end_of_record
TN:
SF:controllers\ProductController.js
FN:12,(anonymous_0)
FN:36,(anonymous_1)
FN:57,(anonymous_2)
FN:70,(anonymous_3)
FN:103,(anonymous_4)
FN:123,(anonymous_5)
FNF:6
FNH:6
FNDA:2,(anonymous_0)
FNDA:1,(anonymous_1)
FNDA:2,(anonymous_2)
FNDA:3,(anonymous_3)
FNDA:2,(anonymous_4)
FNDA:2,(anonymous_5)
DA:1,3
DA:2,3
DA:4,3
DA:13,2
DA:15,2
DA:16,2
DA:25,1
DA:27,1
DA:28,0
DA:30,1
DA:32,1
DA:37,1
DA:39,1
DA:47,1
DA:48,0
DA:50,1
DA:52,0
DA:58,2
DA:59,2
DA:60,2
DA:61,2
DA:62,1
DA:64,1
DA:66,1
DA:71,3
DA:72,3
DA:73,3
DA:74,3
DA:88,2
DA:89,2
DA:90,1
DA:93,1
DA:94,0
DA:97,1
DA:99,2
DA:104,2
DA:105,2
DA:106,2
DA:107,2
DA:108,1
DA:111,1
DA:112,1
DA:118,1
DA:119,1
DA:124,2
DA:125,2
DA:126,2
DA:128,0
DA:130,0
DA:131,0
DA:133,0
DA:137,0
DA:143,0
DA:145,2
DA:146,2
DA:152,3
LF:56
LH:46
BRDA:27,0,0,0
BRDA:27,0,1,1
BRDA:47,1,0,0
BRDA:47,1,1,1
BRDA:61,2,0,1
BRDA:61,2,1,1
BRDA:89,3,0,1
BRDA:89,3,1,1
BRDA:93,4,0,0
BRDA:93,4,1,1
BRDA:107,5,0,1
BRDA:107,5,1,1
BRDA:126,6,0,2
BRDA:126,6,1,0
BRDA:128,7,0,0
BRDA:128,7,1,0
BRF:16
BRH:10
end_of_record
TN:
SF:controllers\PublicController.js
FN:5,(anonymous_0)
FN:71,(anonymous_1)
FNF:2
FNH:2
FNDA:1,(anonymous_0)
FNDA:1,(anonymous_1)
DA:1,3
DA:2,3
DA:6,1
DA:7,1
DA:9,1
DA:16,1
DA:17,0
DA:22,1
DA:23,0
DA:27,1
DA:29,0
DA:31,0
DA:32,0
DA:38,1
DA:39,1
DA:45,1
DA:46,0
DA:47,0
DA:48,0
DA:51,0
DA:52,0
DA:53,0
DA:57,1
DA:58,1
DA:66,0
DA:67,0
DA:72,1
DA:73,1
DA:74,1
DA:76,1
DA:77,0
DA:80,1
DA:82,0
DA:83,0
DA:88,3
LF:35
LH:19
BRDA:16,0,0,0
BRDA:16,0,1,1
BRDA:22,1,0,0
BRDA:22,1,1,1
BRDA:27,2,0,0
BRDA:27,2,1,1
BRDA:29,3,0,0
BRDA:29,3,1,0
BRDA:31,4,0,0
BRDA:31,4,1,0
BRDA:45,5,0,0
BRDA:45,5,1,1
BRDA:46,6,0,0
BRDA:46,6,1,0
BRDA:51,7,0,0
BRDA:51,7,1,0
BRDA:76,8,0,0
BRDA:76,8,1,1
BRF:18
BRH:5
end_of_record
TN:
SF:controllers\UserController.js
FN:7,(anonymous_0)
FN:26,(anonymous_1)
FNF:2
FNH:2
FNDA:7,(anonymous_0)
FNDA:5,(anonymous_1)
DA:1,3
DA:2,3
DA:3,3
DA:8,7
DA:9,7
DA:11,7
DA:16,1
DA:21,6
DA:22,6
DA:27,5
DA:28,5
DA:29,5
DA:30,2
DA:34,3
DA:40,3
DA:41,1
DA:45,2
DA:46,2
DA:47,1
DA:51,1
DA:55,1
DA:57,4
DA:62,3
LF:23
LH:23
BRDA:29,0,0,2
BRDA:29,0,1,3
BRDA:29,1,0,5
BRDA:29,1,1,4
BRDA:40,2,0,1
BRDA:40,2,1,2
BRDA:46,3,0,1
BRDA:46,3,1,1
BRF:8
BRH:8
end_of_record
TN:
SF:helpers\bcrypt.js
FN:3,(anonymous_0)
FN:8,(anonymous_1)
FNF:2
FNH:2
FNDA:5,(anonymous_0)
FNDA:2,(anonymous_1)
DA:1,3
DA:3,3
DA:4,5
DA:5,5
DA:8,3
DA:9,2
DA:12,3
LF:7
LH:7
BRF:0
BRH:0
end_of_record
TN:
SF:helpers\jwt.js
FN:5,(anonymous_0)
FN:9,(anonymous_1)
FNF:2
FNH:2
FNDA:4,(anonymous_0)
FNDA:29,(anonymous_1)
DA:1,3
DA:3,3
DA:5,3
DA:6,4
DA:9,3
DA:10,29
DA:13,3
LF:7
LH:7
BRF:0
BRH:0
end_of_record
TN:
SF:middlewares\authentication.js
FN:4,authentication
FNF:1
FNH:1
FNDA:36,authentication
DA:1,3
DA:2,3
DA:5,36
DA:8,36
DA:9,7
DA:13,29
DA:14,29
DA:16,29
DA:19,22
DA:21,22
DA:22,0
DA:25,22
DA:31,22
DA:33,14
DA:34,14
DA:38,3
LF:16
LH:15
BRDA:8,0,0,7
BRDA:8,0,1,29
BRDA:21,1,0,0
BRDA:21,1,1,22
BRF:4
BRH:3
end_of_record
TN:
SF:middlewares\authorization.js
FN:3,authorization
FN:14,authStaffOrAdmin
FNF:2
FNH:2
FNDA:7,authorization
FNDA:10,authStaffOrAdmin
DA:1,3
DA:4,7
DA:5,7
DA:6,0
DA:8,7
DA:10,0
DA:15,10
DA:16,10
DA:17,7
DA:20,3
DA:22,3
DA:23,3
DA:24,0
DA:27,3
DA:28,0
DA:30,3
DA:34,3
DA:38,3
LF:18
LH:14
BRDA:5,0,0,0
BRDA:5,0,1,7
BRDA:16,1,0,7
BRDA:16,1,1,3
BRDA:23,2,0,0
BRDA:23,2,1,3
BRDA:27,3,0,0
BRDA:27,3,1,3
BRF:8
BRH:5
end_of_record
TN:
SF:middlewares\errorHandler.js
FN:1,errorHandler
FN:9,(anonymous_1)
FNF:2
FNH:2
FNDA:34,errorHandler
FNDA:18,(anonymous_1)
DA:2,34
DA:3,34
DA:5,34
DA:8,8
DA:9,18
DA:10,8
DA:12,2
DA:13,2
DA:14,2
DA:16,0
DA:17,0
DA:18,0
DA:20,2
DA:21,2
DA:22,2
DA:25,14
DA:26,14
DA:27,14
DA:29,3
DA:30,3
DA:31,3
DA:33,5
DA:34,5
DA:35,5
DA:38,0
DA:40,34
DA:43,3
LF:27
LH:23
BRDA:5,0,0,7
BRDA:5,0,1,8
BRDA:5,0,2,2
BRDA:5,0,3,0
BRDA:5,0,4,2
BRDA:5,0,5,7
BRDA:5,0,6,14
BRDA:5,0,7,3
BRDA:5,0,8,5
BRDA:5,0,9,0
BRF:10
BRH:8
end_of_record
TN:
SF:models\category.js
FN:5,(anonymous_0)
FN:12,(anonymous_1)
FNF:2
FNH:2
FNDA:3,(anonymous_0)
FNDA:3,(anonymous_1)
DA:4,3
DA:5,3
DA:14,3
DA:17,3
DA:36,3
LF:5
LH:5
BRF:0
BRH:0
end_of_record
TN:
SF:models\index.js
FN:21,(anonymous_0)
FN:29,(anonymous_1)
FN:34,(anonymous_2)
FNF:3
FNH:3
FNDA:12,(anonymous_0)
FNDA:9,(anonymous_1)
FNDA:9,(anonymous_2)
DA:3,3
DA:4,3
DA:5,3
DA:6,3
DA:7,3
DA:8,3
DA:9,3
DA:10,3
DA:13,3
DA:14,0
DA:16,3
DA:19,3
DA:22,12
DA:30,9
DA:31,9
DA:34,3
DA:35,9
DA:36,9
DA:40,3
DA:41,3
DA:43,3
LF:21
LH:20
BRDA:8,0,0,3
BRDA:8,0,1,0
BRDA:13,1,0,0
BRDA:13,1,1,3
BRDA:23,2,0,12
BRDA:23,2,1,12
BRDA:23,2,2,9
BRDA:23,2,3,9
BRDA:35,3,0,9
BRDA:35,3,1,0
BRF:10
BRH:7
end_of_record
TN:
SF:models\product.js
FN:5,(anonymous_0)
FN:12,(anonymous_1)
FNF:2
FNH:2
FNDA:3,(anonymous_0)
FNDA:3,(anonymous_1)
DA:4,3
DA:5,3
DA:14,3
DA:15,3
DA:18,3
DA:110,3
LF:6
LH:6
BRF:0
BRH:0
end_of_record
TN:
SF:models\user.js
FN:7,(anonymous_0)
FN:14,(anonymous_1)
FN:80,(anonymous_2)
FNF:3
FNH:3
FNDA:3,(anonymous_0)
FNDA:3,(anonymous_1)
FNDA:5,(anonymous_2)
DA:5,3
DA:6,3
DA:7,3
DA:16,3
DA:19,3
DA:81,5
DA:87,3
LF:7
LH:7
BRF:0
BRH:0
end_of_record
TN:
SF:routes\CategoryRouter.js
FNF:0
FNH:0
DA:1,3
DA:2,3
DA:3,3
DA:5,3
DA:6,3
DA:7,3
DA:8,3
DA:10,3
LF:8
LH:8
BRF:0
BRH:0
end_of_record
TN:
SF:routes\ProductRouter.js
FNF:0
FNH:0
DA:1,3
DA:2,3
DA:3,3
DA:4,3
DA:5,3
DA:6,3
DA:7,3
DA:12,3
DA:13,3
DA:15,3
DA:16,3
DA:17,3
DA:18,3
DA:23,3
LF:14
LH:14
BRF:0
BRH:0
end_of_record
TN:
SF:routes\index.js
FNF:0
FNH:0
DA:1,3
DA:2,3
DA:3,3
DA:4,3
DA:5,3
DA:6,3
DA:7,3
DA:8,3
DA:14,3
DA:15,3
DA:20,3
DA:21,3
DA:23,3
DA:24,3
DA:29,3
LF:15
LH:15
BRF:0
BRH:0
end_of_record
